================================================================================
MAIN TESTS - EXECUTION RESULTS
Generated: 2025-11-25 14:56:44.365915
================================================================================


============================================================
TEST: tests/test_basic.py
STATUS: FAILED
SUCCESS RATE: Unknown
TIME: 0.58s
============================================================

STDOUT:

=== RUNNING BASIC TESTS ===


=== BASIC ===


STDERR:
Traceback (most recent call last):
  File "C:\Users\Rad\Desktop\ai_text_corrector\tests\test_basic.py", line 149, in <module>
    main()
  File "C:\Users\Rad\Desktop\ai_text_corrector\tests\test_basic.py", line 143, in main
    print(("\u2713" if r["passed"] else "\u2717"), name)
  File "C:\Users\Rad\AppData\Local\Programs\Python\Python311\Lib\encodings\cp1252.py", line 19, in encode
    return codecs.charmap_encode(input,self.errors,encoding_table)[0]
           ^^^^^^^^^^^^^^^^^^^^^^^^^^^^^^^^^^^^^^^^^^^^^^^^^^^^^^^
UnicodeEncodeError: 'charmap' codec can't encode character '\u2713' in position 0: character maps to <undefined>



============================================================
TEST: tests/test_spelling.py
STATUS: FAILED
SUCCESS RATE: Unknown
TIME: 0.54s
============================================================

STDOUT:

=== RUNNING SPELLING TESTS ===



STDERR:
Traceback (most recent call last):
  File "C:\Users\Rad\Desktop\ai_text_corrector\tests\test_spelling.py", line 165, in <module>
    main()
  File "C:\Users\Rad\Desktop\ai_text_corrector\tests\test_spelling.py", line 141, in main
    print(("\u2713" if r["passed"] else "\u2717"), name)
  File "C:\Users\Rad\AppData\Local\Programs\Python\Python311\Lib\encodings\cp1252.py", line 19, in encode
    return codecs.charmap_encode(input,self.errors,encoding_table)[0]
           ^^^^^^^^^^^^^^^^^^^^^^^^^^^^^^^^^^^^^^^^^^^^^^^^^^^^^^^
UnicodeEncodeError: 'charmap' codec can't encode character '\u2713' in position 0: character maps to <undefined>



============================================================
TEST: tests/test_grammar.py
STATUS: FAILED
SUCCESS RATE: Unknown
TIME: 0.54s
============================================================

STDOUT:

=== RUNNING GRAMMAR TESTS ===



STDERR:
Traceback (most recent call last):
  File "C:\Users\Rad\Desktop\ai_text_corrector\tests\test_grammar.py", line 131, in <module>
    main()
  File "C:\Users\Rad\Desktop\ai_text_corrector\tests\test_grammar.py", line 125, in main
    print(("\u2713" if r["passed"] else "\u2717"), name)
  File "C:\Users\Rad\AppData\Local\Programs\Python\Python311\Lib\encodings\cp1252.py", line 19, in encode
    return codecs.charmap_encode(input,self.errors,encoding_table)[0]
           ^^^^^^^^^^^^^^^^^^^^^^^^^^^^^^^^^^^^^^^^^^^^^^^^^^^^^^^
UnicodeEncodeError: 'charmap' codec can't encode character '\u2713' in position 0: character maps to <undefined>


